<?xml version="1.0" encoding="UTF-8"?>
<!-- Generated by org.testng.reporters.JUnitReportReporter -->
<testsuite hostname="DESKTOP-K6QMMIQ" failures="0" tests="1" name="com.PageObject.TC_HomePage" time="42.463" errors="0" timestamp="2020-09-23T11:56:59 IST" skipped="0">
  <testcase classname="com.PageObject.TC_HomePage" name="loginTest" time="42.463"/>
  <system-out/>
</testsuite> <!-- com.PageObject.TC_HomePage -->
